<?xml version="1.0" encoding="UTF-8"?>
<testsuite xmlns:xsi="http://www.w3.org/2001/XMLSchema-instance" xsi:noNamespaceSchemaLocation="https://maven.apache.org/surefire/maven-surefire-plugin/xsd/surefire-test-report-3.0.xsd" version="3.0" name="com.nnk.springboot.ControllerTest.BidListControllerTest" time="0.908" tests="9" errors="0" skipped="0" failures="0">
  <properties>
    <property name="java.specification.version" value="21"/>
    <property name="sun.jnu.encoding" value="UTF-8"/>
    <property name="java.class.path" value="/Users/lunoroli/Library/Mobile Documents/com~apple~CloudDocs/ROMANE/ÉTUDES/OPENCLASSROOMS/Projet_7/Poseiden-skeleton/target/test-classes:/Users/lunoroli/Library/Mobile Documents/com~apple~CloudDocs/ROMANE/ÉTUDES/OPENCLASSROOMS/Projet_7/Poseiden-skeleton/target/classes:/Users/lunoroli/.m2/repository/org/springframework/boot/spring-boot-starter-test/3.1.0/spring-boot-starter-test-3.1.0.jar:/Users/lunoroli/.m2/repository/org/springframework/boot/spring-boot-starter/3.1.0/spring-boot-starter-3.1.0.jar:/Users/lunoroli/.m2/repository/org/springframework/boot/spring-boot-starter-logging/3.1.0/spring-boot-starter-logging-3.1.0.jar:/Users/lunoroli/.m2/repository/ch/qos/logback/logback-classic/1.4.7/logback-classic-1.4.7.jar:/Users/lunoroli/.m2/repository/ch/qos/logback/logback-core/1.4.7/logback-core-1.4.7.jar:/Users/lunoroli/.m2/repository/org/apache/logging/log4j/log4j-to-slf4j/2.20.0/log4j-to-slf4j-2.20.0.jar:/Users/lunoroli/.m2/repository/org/apache/logging/log4j/log4j-api/2.20.0/log4j-api-2.20.0.jar:/Users/lunoroli/.m2/repository/org/slf4j/jul-to-slf4j/2.0.7/jul-to-slf4j-2.0.7.jar:/Users/lunoroli/.m2/repository/jakarta/annotation/jakarta.annotation-api/2.1.1/jakarta.annotation-api-2.1.1.jar:/Users/lunoroli/.m2/repository/org/yaml/snakeyaml/1.33/snakeyaml-1.33.jar:/Users/lunoroli/.m2/repository/org/springframework/boot/spring-boot-test/3.1.0/spring-boot-test-3.1.0.jar:/Users/lunoroli/.m2/repository/org/springframework/boot/spring-boot-test-autoconfigure/3.1.0/spring-boot-test-autoconfigure-3.1.0.jar:/Users/lunoroli/.m2/repository/com/jayway/jsonpath/json-path/2.8.0/json-path-2.8.0.jar:/Users/lunoroli/.m2/repository/org/slf4j/slf4j-api/2.0.7/slf4j-api-2.0.7.jar:/Users/lunoroli/.m2/repository/jakarta/xml/bind/jakarta.xml.bind-api/4.0.0/jakarta.xml.bind-api-4.0.0.jar:/Users/lunoroli/.m2/repository/jakarta/activation/jakarta.activation-api/2.1.2/jakarta.activation-api-2.1.2.jar:/Users/lunoroli/.m2/repository/net/minidev/json-smart/2.4.10/json-smart-2.4.10.jar:/Users/lunoroli/.m2/repository/net/minidev/accessors-smart/2.4.9/accessors-smart-2.4.9.jar:/Users/lunoroli/.m2/repository/org/ow2/asm/asm/9.3/asm-9.3.jar:/Users/lunoroli/.m2/repository/org/assertj/assertj-core/3.24.2/assertj-core-3.24.2.jar:/Users/lunoroli/.m2/repository/net/bytebuddy/byte-buddy/1.14.4/byte-buddy-1.14.4.jar:/Users/lunoroli/.m2/repository/org/hamcrest/hamcrest/2.2/hamcrest-2.2.jar:/Users/lunoroli/.m2/repository/org/junit/jupiter/junit-jupiter/5.9.3/junit-jupiter-5.9.3.jar:/Users/lunoroli/.m2/repository/org/junit/jupiter/junit-jupiter-api/5.9.3/junit-jupiter-api-5.9.3.jar:/Users/lunoroli/.m2/repository/org/opentest4j/opentest4j/1.2.0/opentest4j-1.2.0.jar:/Users/lunoroli/.m2/repository/org/junit/platform/junit-platform-commons/1.9.3/junit-platform-commons-1.9.3.jar:/Users/lunoroli/.m2/repository/org/apiguardian/apiguardian-api/1.1.2/apiguardian-api-1.1.2.jar:/Users/lunoroli/.m2/repository/org/junit/jupiter/junit-jupiter-params/5.9.3/junit-jupiter-params-5.9.3.jar:/Users/lunoroli/.m2/repository/org/junit/jupiter/junit-jupiter-engine/5.9.3/junit-jupiter-engine-5.9.3.jar:/Users/lunoroli/.m2/repository/org/junit/platform/junit-platform-engine/1.9.3/junit-platform-engine-1.9.3.jar:/Users/lunoroli/.m2/repository/org/mockito/mockito-core/5.3.1/mockito-core-5.3.1.jar:/Users/lunoroli/.m2/repository/net/bytebuddy/byte-buddy-agent/1.14.4/byte-buddy-agent-1.14.4.jar:/Users/lunoroli/.m2/repository/org/objenesis/objenesis/3.3/objenesis-3.3.jar:/Users/lunoroli/.m2/repository/org/mockito/mockito-junit-jupiter/5.3.1/mockito-junit-jupiter-5.3.1.jar:/Users/lunoroli/.m2/repository/org/skyscreamer/jsonassert/1.5.1/jsonassert-1.5.1.jar:/Users/lunoroli/.m2/repository/com/vaadin/external/google/android-json/0.0.20131108.vaadin1/android-json-0.0.20131108.vaadin1.jar:/Users/lunoroli/.m2/repository/org/springframework/spring-core/6.0.9/spring-core-6.0.9.jar:/Users/lunoroli/.m2/repository/org/springframework/spring-jcl/6.0.9/spring-jcl-6.0.9.jar:/Users/lunoroli/.m2/repository/org/springframework/spring-test/6.0.9/spring-test-6.0.9.jar:/Users/lunoroli/.m2/repository/org/xmlunit/xmlunit-core/2.9.1/xmlunit-core-2.9.1.jar:/Users/lunoroli/.m2/repository/org/springframework/boot/spring-boot-starter-data-jpa/3.1.0/spring-boot-starter-data-jpa-3.1.0.jar:/Users/lunoroli/.m2/repository/org/springframework/boot/spring-boot-starter-aop/3.1.0/spring-boot-starter-aop-3.1.0.jar:/Users/lunoroli/.m2/repository/org/aspectj/aspectjweaver/1.9.19/aspectjweaver-1.9.19.jar:/Users/lunoroli/.m2/repository/org/springframework/boot/spring-boot-starter-jdbc/3.1.0/spring-boot-starter-jdbc-3.1.0.jar:/Users/lunoroli/.m2/repository/com/zaxxer/HikariCP/5.0.1/HikariCP-5.0.1.jar:/Users/lunoroli/.m2/repository/org/springframework/spring-jdbc/6.0.9/spring-jdbc-6.0.9.jar:/Users/lunoroli/.m2/repository/org/hibernate/orm/hibernate-core/6.2.2.Final/hibernate-core-6.2.2.Final.jar:/Users/lunoroli/.m2/repository/jakarta/persistence/jakarta.persistence-api/3.1.0/jakarta.persistence-api-3.1.0.jar:/Users/lunoroli/.m2/repository/jakarta/transaction/jakarta.transaction-api/2.0.1/jakarta.transaction-api-2.0.1.jar:/Users/lunoroli/.m2/repository/org/hibernate/common/hibernate-commons-annotations/6.0.6.Final/hibernate-commons-annotations-6.0.6.Final.jar:/Users/lunoroli/.m2/repository/io/smallrye/jandex/3.0.5/jandex-3.0.5.jar:/Users/lunoroli/.m2/repository/org/glassfish/jaxb/jaxb-runtime/4.0.2/jaxb-runtime-4.0.2.jar:/Users/lunoroli/.m2/repository/org/glassfish/jaxb/jaxb-core/4.0.2/jaxb-core-4.0.2.jar:/Users/lunoroli/.m2/repository/org/eclipse/angus/angus-activation/2.0.0/angus-activation-2.0.0.jar:/Users/lunoroli/.m2/repository/org/glassfish/jaxb/txw2/4.0.2/txw2-4.0.2.jar:/Users/lunoroli/.m2/repository/com/sun/istack/istack-commons-runtime/4.1.1/istack-commons-runtime-4.1.1.jar:/Users/lunoroli/.m2/repository/jakarta/inject/jakarta.inject-api/2.0.1/jakarta.inject-api-2.0.1.jar:/Users/lunoroli/.m2/repository/org/antlr/antlr4-runtime/4.10.1/antlr4-runtime-4.10.1.jar:/Users/lunoroli/.m2/repository/org/springframework/data/spring-data-jpa/3.1.0/spring-data-jpa-3.1.0.jar:/Users/lunoroli/.m2/repository/org/springframework/data/spring-data-commons/3.1.0/spring-data-commons-3.1.0.jar:/Users/lunoroli/.m2/repository/org/springframework/spring-orm/6.0.9/spring-orm-6.0.9.jar:/Users/lunoroli/.m2/repository/org/springframework/spring-context/6.0.9/spring-context-6.0.9.jar:/Users/lunoroli/.m2/repository/org/springframework/spring-tx/6.0.9/spring-tx-6.0.9.jar:/Users/lunoroli/.m2/repository/org/springframework/spring-beans/6.0.9/spring-beans-6.0.9.jar:/Users/lunoroli/.m2/repository/org/springframework/spring-aspects/6.0.9/spring-aspects-6.0.9.jar:/Users/lunoroli/.m2/repository/org/springframework/boot/spring-boot-starter-web/3.1.0/spring-boot-starter-web-3.1.0.jar:/Users/lunoroli/.m2/repository/org/springframework/boot/spring-boot-starter-json/3.1.0/spring-boot-starter-json-3.1.0.jar:/Users/lunoroli/.m2/repository/com/fasterxml/jackson/core/jackson-databind/2.15.0/jackson-databind-2.15.0.jar:/Users/lunoroli/.m2/repository/com/fasterxml/jackson/core/jackson-annotations/2.15.0/jackson-annotations-2.15.0.jar:/Users/lunoroli/.m2/repository/com/fasterxml/jackson/core/jackson-core/2.15.0/jackson-core-2.15.0.jar:/Users/lunoroli/.m2/repository/com/fasterxml/jackson/datatype/jackson-datatype-jdk8/2.15.0/jackson-datatype-jdk8-2.15.0.jar:/Users/lunoroli/.m2/repository/com/fasterxml/jackson/datatype/jackson-datatype-jsr310/2.15.0/jackson-datatype-jsr310-2.15.0.jar:/Users/lunoroli/.m2/repository/com/fasterxml/jackson/module/jackson-module-parameter-names/2.15.0/jackson-module-parameter-names-2.15.0.jar:/Users/lunoroli/.m2/repository/org/springframework/boot/spring-boot-starter-tomcat/3.1.0/spring-boot-starter-tomcat-3.1.0.jar:/Users/lunoroli/.m2/repository/org/apache/tomcat/embed/tomcat-embed-core/10.1.8/tomcat-embed-core-10.1.8.jar:/Users/lunoroli/.m2/repository/org/apache/tomcat/embed/tomcat-embed-websocket/10.1.8/tomcat-embed-websocket-10.1.8.jar:/Users/lunoroli/.m2/repository/org/springframework/spring-web/6.0.9/spring-web-6.0.9.jar:/Users/lunoroli/.m2/repository/io/micrometer/micrometer-observation/1.11.0/micrometer-observation-1.11.0.jar:/Users/lunoroli/.m2/repository/io/micrometer/micrometer-commons/1.11.0/micrometer-commons-1.11.0.jar:/Users/lunoroli/.m2/repository/org/springframework/spring-webmvc/6.0.9/spring-webmvc-6.0.9.jar:/Users/lunoroli/.m2/repository/org/springframework/spring-expression/6.0.9/spring-expression-6.0.9.jar:/Users/lunoroli/.m2/repository/org/springframework/boot/spring-boot-starter-thymeleaf/3.1.0/spring-boot-starter-thymeleaf-3.1.0.jar:/Users/lunoroli/.m2/repository/org/thymeleaf/thymeleaf-spring6/3.1.1.RELEASE/thymeleaf-spring6-3.1.1.RELEASE.jar:/Users/lunoroli/.m2/repository/org/thymeleaf/thymeleaf/3.1.1.RELEASE/thymeleaf-3.1.1.RELEASE.jar:/Users/lunoroli/.m2/repository/org/attoparser/attoparser/2.0.6.RELEASE/attoparser-2.0.6.RELEASE.jar:/Users/lunoroli/.m2/repository/org/unbescape/unbescape/1.1.6.RELEASE/unbescape-1.1.6.RELEASE.jar:/Users/lunoroli/.m2/repository/org/springframework/boot/spring-boot-starter-security/3.1.0/spring-boot-starter-security-3.1.0.jar:/Users/lunoroli/.m2/repository/org/springframework/spring-aop/6.0.9/spring-aop-6.0.9.jar:/Users/lunoroli/.m2/repository/org/springframework/security/spring-security-config/6.1.0/spring-security-config-6.1.0.jar:/Users/lunoroli/.m2/repository/org/springframework/security/spring-security-core/6.1.0/spring-security-core-6.1.0.jar:/Users/lunoroli/.m2/repository/org/springframework/security/spring-security-crypto/6.1.0/spring-security-crypto-6.1.0.jar:/Users/lunoroli/.m2/repository/org/springframework/security/spring-security-web/6.1.0/spring-security-web-6.1.0.jar:/Users/lunoroli/.m2/repository/org/springframework/boot/spring-boot-devtools/3.1.0/spring-boot-devtools-3.1.0.jar:/Users/lunoroli/.m2/repository/org/springframework/boot/spring-boot/3.1.0/spring-boot-3.1.0.jar:/Users/lunoroli/.m2/repository/org/springframework/boot/spring-boot-autoconfigure/3.1.0/spring-boot-autoconfigure-3.1.0.jar:/Users/lunoroli/.m2/repository/mysql/mysql-connector-java/8.0.26/mysql-connector-java-8.0.26.jar:/Users/lunoroli/.m2/repository/com/google/protobuf/protobuf-java/3.11.4/protobuf-java-3.11.4.jar:/Users/lunoroli/.m2/repository/com/h2database/h2/2.1.214/h2-2.1.214.jar:/Users/lunoroli/.m2/repository/jakarta/validation/jakarta.validation-api/3.0.2/jakarta.validation-api-3.0.2.jar:/Users/lunoroli/.m2/repository/org/hibernate/validator/hibernate-validator/8.0.0.Final/hibernate-validator-8.0.0.Final.jar:/Users/lunoroli/.m2/repository/org/jboss/logging/jboss-logging/3.5.0.Final/jboss-logging-3.5.0.Final.jar:/Users/lunoroli/.m2/repository/com/fasterxml/classmate/1.5.1/classmate-1.5.1.jar:/Users/lunoroli/.m2/repository/org/springframework/boot/spring-boot-starter-validation/3.1.0/spring-boot-starter-validation-3.1.0.jar:/Users/lunoroli/.m2/repository/org/apache/tomcat/embed/tomcat-embed-el/10.1.8/tomcat-embed-el-10.1.8.jar:/Users/lunoroli/.m2/repository/org/projectlombok/lombok/1.18.38/lombok-1.18.38.jar:"/>
    <property name="java.vm.vendor" value="Eclipse Adoptium"/>
    <property name="sun.arch.data.model" value="64"/>
    <property name="java.vendor.url" value="https://adoptium.net/"/>
    <property name="user.timezone" value="Europe/Paris"/>
    <property name="org.jboss.logging.provider" value="slf4j"/>
    <property name="os.name" value="Mac OS X"/>
    <property name="java.vm.specification.version" value="21"/>
    <property name="sun.java.launcher" value="SUN_STANDARD"/>
    <property name="user.country" value="FR"/>
    <property name="sun.boot.library.path" value="/Library/Java/JavaVirtualMachines/temurin-21.jdk/Contents/Home/lib"/>
    <property name="sun.java.command" value="/Users/lunoroli/Library/Mobile Documents/com~apple~CloudDocs/ROMANE/ÉTUDES/OPENCLASSROOMS/Projet_7/Poseiden-skeleton/target/surefire/surefirebooter-20250523213536022_3.jar /Users/lunoroli/Library/Mobile Documents/com~apple~CloudDocs/ROMANE/ÉTUDES/OPENCLASSROOMS/Projet_7/Poseiden-skeleton/target/surefire 2025-05-23T21-35-35_947-jvmRun1 surefire-20250523213536022_1tmp surefire_0-20250523213536022_2tmp"/>
    <property name="http.nonProxyHosts" value="local|*.local|169.254/16|*.169.254/16"/>
    <property name="jdk.debug" value="release"/>
    <property name="surefire.test.class.path" value="/Users/lunoroli/Library/Mobile Documents/com~apple~CloudDocs/ROMANE/ÉTUDES/OPENCLASSROOMS/Projet_7/Poseiden-skeleton/target/test-classes:/Users/lunoroli/Library/Mobile Documents/com~apple~CloudDocs/ROMANE/ÉTUDES/OPENCLASSROOMS/Projet_7/Poseiden-skeleton/target/classes:/Users/lunoroli/.m2/repository/org/springframework/boot/spring-boot-starter-test/3.1.0/spring-boot-starter-test-3.1.0.jar:/Users/lunoroli/.m2/repository/org/springframework/boot/spring-boot-starter/3.1.0/spring-boot-starter-3.1.0.jar:/Users/lunoroli/.m2/repository/org/springframework/boot/spring-boot-starter-logging/3.1.0/spring-boot-starter-logging-3.1.0.jar:/Users/lunoroli/.m2/repository/ch/qos/logback/logback-classic/1.4.7/logback-classic-1.4.7.jar:/Users/lunoroli/.m2/repository/ch/qos/logback/logback-core/1.4.7/logback-core-1.4.7.jar:/Users/lunoroli/.m2/repository/org/apache/logging/log4j/log4j-to-slf4j/2.20.0/log4j-to-slf4j-2.20.0.jar:/Users/lunoroli/.m2/repository/org/apache/logging/log4j/log4j-api/2.20.0/log4j-api-2.20.0.jar:/Users/lunoroli/.m2/repository/org/slf4j/jul-to-slf4j/2.0.7/jul-to-slf4j-2.0.7.jar:/Users/lunoroli/.m2/repository/jakarta/annotation/jakarta.annotation-api/2.1.1/jakarta.annotation-api-2.1.1.jar:/Users/lunoroli/.m2/repository/org/yaml/snakeyaml/1.33/snakeyaml-1.33.jar:/Users/lunoroli/.m2/repository/org/springframework/boot/spring-boot-test/3.1.0/spring-boot-test-3.1.0.jar:/Users/lunoroli/.m2/repository/org/springframework/boot/spring-boot-test-autoconfigure/3.1.0/spring-boot-test-autoconfigure-3.1.0.jar:/Users/lunoroli/.m2/repository/com/jayway/jsonpath/json-path/2.8.0/json-path-2.8.0.jar:/Users/lunoroli/.m2/repository/org/slf4j/slf4j-api/2.0.7/slf4j-api-2.0.7.jar:/Users/lunoroli/.m2/repository/jakarta/xml/bind/jakarta.xml.bind-api/4.0.0/jakarta.xml.bind-api-4.0.0.jar:/Users/lunoroli/.m2/repository/jakarta/activation/jakarta.activation-api/2.1.2/jakarta.activation-api-2.1.2.jar:/Users/lunoroli/.m2/repository/net/minidev/json-smart/2.4.10/json-smart-2.4.10.jar:/Users/lunoroli/.m2/repository/net/minidev/accessors-smart/2.4.9/accessors-smart-2.4.9.jar:/Users/lunoroli/.m2/repository/org/ow2/asm/asm/9.3/asm-9.3.jar:/Users/lunoroli/.m2/repository/org/assertj/assertj-core/3.24.2/assertj-core-3.24.2.jar:/Users/lunoroli/.m2/repository/net/bytebuddy/byte-buddy/1.14.4/byte-buddy-1.14.4.jar:/Users/lunoroli/.m2/repository/org/hamcrest/hamcrest/2.2/hamcrest-2.2.jar:/Users/lunoroli/.m2/repository/org/junit/jupiter/junit-jupiter/5.9.3/junit-jupiter-5.9.3.jar:/Users/lunoroli/.m2/repository/org/junit/jupiter/junit-jupiter-api/5.9.3/junit-jupiter-api-5.9.3.jar:/Users/lunoroli/.m2/repository/org/opentest4j/opentest4j/1.2.0/opentest4j-1.2.0.jar:/Users/lunoroli/.m2/repository/org/junit/platform/junit-platform-commons/1.9.3/junit-platform-commons-1.9.3.jar:/Users/lunoroli/.m2/repository/org/apiguardian/apiguardian-api/1.1.2/apiguardian-api-1.1.2.jar:/Users/lunoroli/.m2/repository/org/junit/jupiter/junit-jupiter-params/5.9.3/junit-jupiter-params-5.9.3.jar:/Users/lunoroli/.m2/repository/org/junit/jupiter/junit-jupiter-engine/5.9.3/junit-jupiter-engine-5.9.3.jar:/Users/lunoroli/.m2/repository/org/junit/platform/junit-platform-engine/1.9.3/junit-platform-engine-1.9.3.jar:/Users/lunoroli/.m2/repository/org/mockito/mockito-core/5.3.1/mockito-core-5.3.1.jar:/Users/lunoroli/.m2/repository/net/bytebuddy/byte-buddy-agent/1.14.4/byte-buddy-agent-1.14.4.jar:/Users/lunoroli/.m2/repository/org/objenesis/objenesis/3.3/objenesis-3.3.jar:/Users/lunoroli/.m2/repository/org/mockito/mockito-junit-jupiter/5.3.1/mockito-junit-jupiter-5.3.1.jar:/Users/lunoroli/.m2/repository/org/skyscreamer/jsonassert/1.5.1/jsonassert-1.5.1.jar:/Users/lunoroli/.m2/repository/com/vaadin/external/google/android-json/0.0.20131108.vaadin1/android-json-0.0.20131108.vaadin1.jar:/Users/lunoroli/.m2/repository/org/springframework/spring-core/6.0.9/spring-core-6.0.9.jar:/Users/lunoroli/.m2/repository/org/springframework/spring-jcl/6.0.9/spring-jcl-6.0.9.jar:/Users/lunoroli/.m2/repository/org/springframework/spring-test/6.0.9/spring-test-6.0.9.jar:/Users/lunoroli/.m2/repository/org/xmlunit/xmlunit-core/2.9.1/xmlunit-core-2.9.1.jar:/Users/lunoroli/.m2/repository/org/springframework/boot/spring-boot-starter-data-jpa/3.1.0/spring-boot-starter-data-jpa-3.1.0.jar:/Users/lunoroli/.m2/repository/org/springframework/boot/spring-boot-starter-aop/3.1.0/spring-boot-starter-aop-3.1.0.jar:/Users/lunoroli/.m2/repository/org/aspectj/aspectjweaver/1.9.19/aspectjweaver-1.9.19.jar:/Users/lunoroli/.m2/repository/org/springframework/boot/spring-boot-starter-jdbc/3.1.0/spring-boot-starter-jdbc-3.1.0.jar:/Users/lunoroli/.m2/repository/com/zaxxer/HikariCP/5.0.1/HikariCP-5.0.1.jar:/Users/lunoroli/.m2/repository/org/springframework/spring-jdbc/6.0.9/spring-jdbc-6.0.9.jar:/Users/lunoroli/.m2/repository/org/hibernate/orm/hibernate-core/6.2.2.Final/hibernate-core-6.2.2.Final.jar:/Users/lunoroli/.m2/repository/jakarta/persistence/jakarta.persistence-api/3.1.0/jakarta.persistence-api-3.1.0.jar:/Users/lunoroli/.m2/repository/jakarta/transaction/jakarta.transaction-api/2.0.1/jakarta.transaction-api-2.0.1.jar:/Users/lunoroli/.m2/repository/org/hibernate/common/hibernate-commons-annotations/6.0.6.Final/hibernate-commons-annotations-6.0.6.Final.jar:/Users/lunoroli/.m2/repository/io/smallrye/jandex/3.0.5/jandex-3.0.5.jar:/Users/lunoroli/.m2/repository/org/glassfish/jaxb/jaxb-runtime/4.0.2/jaxb-runtime-4.0.2.jar:/Users/lunoroli/.m2/repository/org/glassfish/jaxb/jaxb-core/4.0.2/jaxb-core-4.0.2.jar:/Users/lunoroli/.m2/repository/org/eclipse/angus/angus-activation/2.0.0/angus-activation-2.0.0.jar:/Users/lunoroli/.m2/repository/org/glassfish/jaxb/txw2/4.0.2/txw2-4.0.2.jar:/Users/lunoroli/.m2/repository/com/sun/istack/istack-commons-runtime/4.1.1/istack-commons-runtime-4.1.1.jar:/Users/lunoroli/.m2/repository/jakarta/inject/jakarta.inject-api/2.0.1/jakarta.inject-api-2.0.1.jar:/Users/lunoroli/.m2/repository/org/antlr/antlr4-runtime/4.10.1/antlr4-runtime-4.10.1.jar:/Users/lunoroli/.m2/repository/org/springframework/data/spring-data-jpa/3.1.0/spring-data-jpa-3.1.0.jar:/Users/lunoroli/.m2/repository/org/springframework/data/spring-data-commons/3.1.0/spring-data-commons-3.1.0.jar:/Users/lunoroli/.m2/repository/org/springframework/spring-orm/6.0.9/spring-orm-6.0.9.jar:/Users/lunoroli/.m2/repository/org/springframework/spring-context/6.0.9/spring-context-6.0.9.jar:/Users/lunoroli/.m2/repository/org/springframework/spring-tx/6.0.9/spring-tx-6.0.9.jar:/Users/lunoroli/.m2/repository/org/springframework/spring-beans/6.0.9/spring-beans-6.0.9.jar:/Users/lunoroli/.m2/repository/org/springframework/spring-aspects/6.0.9/spring-aspects-6.0.9.jar:/Users/lunoroli/.m2/repository/org/springframework/boot/spring-boot-starter-web/3.1.0/spring-boot-starter-web-3.1.0.jar:/Users/lunoroli/.m2/repository/org/springframework/boot/spring-boot-starter-json/3.1.0/spring-boot-starter-json-3.1.0.jar:/Users/lunoroli/.m2/repository/com/fasterxml/jackson/core/jackson-databind/2.15.0/jackson-databind-2.15.0.jar:/Users/lunoroli/.m2/repository/com/fasterxml/jackson/core/jackson-annotations/2.15.0/jackson-annotations-2.15.0.jar:/Users/lunoroli/.m2/repository/com/fasterxml/jackson/core/jackson-core/2.15.0/jackson-core-2.15.0.jar:/Users/lunoroli/.m2/repository/com/fasterxml/jackson/datatype/jackson-datatype-jdk8/2.15.0/jackson-datatype-jdk8-2.15.0.jar:/Users/lunoroli/.m2/repository/com/fasterxml/jackson/datatype/jackson-datatype-jsr310/2.15.0/jackson-datatype-jsr310-2.15.0.jar:/Users/lunoroli/.m2/repository/com/fasterxml/jackson/module/jackson-module-parameter-names/2.15.0/jackson-module-parameter-names-2.15.0.jar:/Users/lunoroli/.m2/repository/org/springframework/boot/spring-boot-starter-tomcat/3.1.0/spring-boot-starter-tomcat-3.1.0.jar:/Users/lunoroli/.m2/repository/org/apache/tomcat/embed/tomcat-embed-core/10.1.8/tomcat-embed-core-10.1.8.jar:/Users/lunoroli/.m2/repository/org/apache/tomcat/embed/tomcat-embed-websocket/10.1.8/tomcat-embed-websocket-10.1.8.jar:/Users/lunoroli/.m2/repository/org/springframework/spring-web/6.0.9/spring-web-6.0.9.jar:/Users/lunoroli/.m2/repository/io/micrometer/micrometer-observation/1.11.0/micrometer-observation-1.11.0.jar:/Users/lunoroli/.m2/repository/io/micrometer/micrometer-commons/1.11.0/micrometer-commons-1.11.0.jar:/Users/lunoroli/.m2/repository/org/springframework/spring-webmvc/6.0.9/spring-webmvc-6.0.9.jar:/Users/lunoroli/.m2/repository/org/springframework/spring-expression/6.0.9/spring-expression-6.0.9.jar:/Users/lunoroli/.m2/repository/org/springframework/boot/spring-boot-starter-thymeleaf/3.1.0/spring-boot-starter-thymeleaf-3.1.0.jar:/Users/lunoroli/.m2/repository/org/thymeleaf/thymeleaf-spring6/3.1.1.RELEASE/thymeleaf-spring6-3.1.1.RELEASE.jar:/Users/lunoroli/.m2/repository/org/thymeleaf/thymeleaf/3.1.1.RELEASE/thymeleaf-3.1.1.RELEASE.jar:/Users/lunoroli/.m2/repository/org/attoparser/attoparser/2.0.6.RELEASE/attoparser-2.0.6.RELEASE.jar:/Users/lunoroli/.m2/repository/org/unbescape/unbescape/1.1.6.RELEASE/unbescape-1.1.6.RELEASE.jar:/Users/lunoroli/.m2/repository/org/springframework/boot/spring-boot-starter-security/3.1.0/spring-boot-starter-security-3.1.0.jar:/Users/lunoroli/.m2/repository/org/springframework/spring-aop/6.0.9/spring-aop-6.0.9.jar:/Users/lunoroli/.m2/repository/org/springframework/security/spring-security-config/6.1.0/spring-security-config-6.1.0.jar:/Users/lunoroli/.m2/repository/org/springframework/security/spring-security-core/6.1.0/spring-security-core-6.1.0.jar:/Users/lunoroli/.m2/repository/org/springframework/security/spring-security-crypto/6.1.0/spring-security-crypto-6.1.0.jar:/Users/lunoroli/.m2/repository/org/springframework/security/spring-security-web/6.1.0/spring-security-web-6.1.0.jar:/Users/lunoroli/.m2/repository/org/springframework/boot/spring-boot-devtools/3.1.0/spring-boot-devtools-3.1.0.jar:/Users/lunoroli/.m2/repository/org/springframework/boot/spring-boot/3.1.0/spring-boot-3.1.0.jar:/Users/lunoroli/.m2/repository/org/springframework/boot/spring-boot-autoconfigure/3.1.0/spring-boot-autoconfigure-3.1.0.jar:/Users/lunoroli/.m2/repository/mysql/mysql-connector-java/8.0.26/mysql-connector-java-8.0.26.jar:/Users/lunoroli/.m2/repository/com/google/protobuf/protobuf-java/3.11.4/protobuf-java-3.11.4.jar:/Users/lunoroli/.m2/repository/com/h2database/h2/2.1.214/h2-2.1.214.jar:/Users/lunoroli/.m2/repository/jakarta/validation/jakarta.validation-api/3.0.2/jakarta.validation-api-3.0.2.jar:/Users/lunoroli/.m2/repository/org/hibernate/validator/hibernate-validator/8.0.0.Final/hibernate-validator-8.0.0.Final.jar:/Users/lunoroli/.m2/repository/org/jboss/logging/jboss-logging/3.5.0.Final/jboss-logging-3.5.0.Final.jar:/Users/lunoroli/.m2/repository/com/fasterxml/classmate/1.5.1/classmate-1.5.1.jar:/Users/lunoroli/.m2/repository/org/springframework/boot/spring-boot-starter-validation/3.1.0/spring-boot-starter-validation-3.1.0.jar:/Users/lunoroli/.m2/repository/org/apache/tomcat/embed/tomcat-embed-el/10.1.8/tomcat-embed-el-10.1.8.jar:/Users/lunoroli/.m2/repository/org/projectlombok/lombok/1.18.38/lombok-1.18.38.jar:"/>
    <property name="sun.cpu.endian" value="little"/>
    <property name="user.home" value="/Users/lunoroli"/>
    <property name="user.language" value="fr"/>
    <property name="java.specification.vendor" value="Oracle Corporation"/>
    <property name="java.version.date" value="2024-01-16"/>
    <property name="java.home" value="/Library/Java/JavaVirtualMachines/temurin-21.jdk/Contents/Home"/>
    <property name="file.separator" value="/"/>
    <property name="basedir" value="/Users/lunoroli/Library/Mobile Documents/com~apple~CloudDocs/ROMANE/ÉTUDES/OPENCLASSROOMS/Projet_7/Poseiden-skeleton"/>
    <property name="java.vm.compressedOopsMode" value="Zero based"/>
    <property name="line.separator" value="&#10;"/>
    <property name="java.vm.specification.vendor" value="Oracle Corporation"/>
    <property name="java.specification.name" value="Java Platform API Specification"/>
    <property name="FILE_LOG_CHARSET" value="UTF-8"/>
    <property name="java.awt.headless" value="true"/>
    <property name="apple.awt.application.name" value="ForkedBooter"/>
    <property name="surefire.real.class.path" value="/Users/lunoroli/Library/Mobile Documents/com~apple~CloudDocs/ROMANE/ÉTUDES/OPENCLASSROOMS/Projet_7/Poseiden-skeleton/target/surefire/surefirebooter-20250523213536022_3.jar"/>
    <property name="sun.management.compiler" value="HotSpot 64-Bit Tiered Compilers"/>
    <property name="ftp.nonProxyHosts" value="local|*.local|169.254/16|*.169.254/16"/>
    <property name="java.runtime.version" value="21.0.2+13-LTS"/>
    <property name="user.name" value="lunoroli"/>
    <property name="stdout.encoding" value="UTF-8"/>
    <property name="path.separator" value=":"/>
    <property name="os.version" value="15.0.1"/>
    <property name="java.runtime.name" value="OpenJDK Runtime Environment"/>
    <property name="file.encoding" value="UTF-8"/>
    <property name="java.vm.name" value="OpenJDK 64-Bit Server VM"/>
    <property name="java.vendor.version" value="Temurin-21.0.2+13"/>
    <property name="localRepository" value="/Users/lunoroli/.m2/repository"/>
    <property name="java.vendor.url.bug" value="https://github.com/adoptium/adoptium-support/issues"/>
    <property name="java.io.tmpdir" value="/var/folders/tw/8vy7ql5105zcqp30wcb8hrg00000gn/T/"/>
    <property name="idea.version" value="2023.3.6"/>
    <property name="com.zaxxer.hikari.pool_number" value="1"/>
    <property name="java.version" value="21.0.2"/>
    <property name="user.dir" value="/Users/lunoroli/Library/Mobile Documents/com~apple~CloudDocs/ROMANE/ÉTUDES/OPENCLASSROOMS/Projet_7/Poseiden-skeleton"/>
    <property name="os.arch" value="aarch64"/>
    <property name="java.vm.specification.name" value="Java Virtual Machine Specification"/>
    <property name="PID" value="6733"/>
    <property name="CONSOLE_LOG_CHARSET" value="UTF-8"/>
    <property name="native.encoding" value="UTF-8"/>
    <property name="java.library.path" value="/Users/lunoroli/Library/Java/Extensions:/Library/Java/Extensions:/Network/Library/Java/Extensions:/System/Library/Java/Extensions:/usr/lib/java:."/>
    <property name="java.vm.info" value="mixed mode"/>
    <property name="stderr.encoding" value="UTF-8"/>
    <property name="java.vendor" value="Eclipse Adoptium"/>
    <property name="java.vm.version" value="21.0.2+13-LTS"/>
    <property name="sun.io.unicode.encoding" value="UnicodeBig"/>
    <property name="socksNonProxyHosts" value="local|*.local|169.254/16|*.169.254/16"/>
    <property name="java.class.version" value="65.0"/>
  </properties>
  <testcase name="testAddBidForm_shouldReturnAddView" classname="com.nnk.springboot.ControllerTest.BidListControllerTest" time="0.429">
    <system-out><![CDATA[2025-05-23T21:35:41.960+02:00  INFO 6733 --- [           main] t.c.s.AnnotationConfigContextLoaderUtils : Could not detect default configuration classes for test class [com.nnk.springboot.ControllerTest.BidListControllerTest]: BidListControllerTest does not declare any static, non-private, non-final, nested classes annotated with @Configuration.
2025-05-23T21:35:41.977+02:00  INFO 6733 --- [           main] .b.t.c.SpringBootTestContextBootstrapper : Found @SpringBootConfiguration com.nnk.springboot.Application for test class com.nnk.springboot.ControllerTest.BidListControllerTest

  .   ____          _            __ _ _
 /\\ / ___'_ __ _ _(_)_ __  __ _ \ \ \ \
( ( )\___ | '_ | '_| | '_ \/ _` | \ \ \ \
 \\/  ___)| |_)| | | | | || (_| |  ) ) ) )
  '  |____| .__|_| |_|_| |_\__, | / / / /
 =========|_|==============|___/=/_/_/_/
 :: Spring Boot ::                (v3.1.0)

2025-05-23T21:35:42.002+02:00  INFO 6733 --- [           main] c.n.s.C.BidListControllerTest            : Starting BidListControllerTest using Java 21.0.2 with PID 6733 (started by lunoroli in /Users/lunoroli/Library/Mobile Documents/com~apple~CloudDocs/ROMANE/ÉTUDES/OPENCLASSROOMS/Projet_7/Poseiden-skeleton)
2025-05-23T21:35:42.003+02:00  INFO 6733 --- [           main] c.n.s.C.BidListControllerTest            : No active profile set, falling back to 1 default profile: "default"
2025-05-23T21:35:42.292+02:00  WARN 6733 --- [           main] .s.s.UserDetailsServiceAutoConfiguration : 

Using generated security password: 76a292b3-3018-4a57-86be-8eeb5a2d4277

This generated password is for development use only. Your security configuration must be updated before running your application in production.

2025-05-23T21:35:42.313+02:00  INFO 6733 --- [           main] o.s.s.web.DefaultSecurityFilterChain     : Will secure any request with [org.springframework.security.web.session.DisableEncodeUrlFilter@682d4691, org.springframework.security.web.context.request.async.WebAsyncManagerIntegrationFilter@81c76c9, org.springframework.security.web.context.SecurityContextHolderFilter@3891a4cc, org.springframework.security.web.header.HeaderWriterFilter@6c0d09c3, org.springframework.security.web.csrf.CsrfFilter@51dd9217, org.springframework.security.web.authentication.logout.LogoutFilter@383918c8, org.springframework.security.web.authentication.UsernamePasswordAuthenticationFilter@6f0f98fc, org.springframework.security.web.authentication.ui.DefaultLoginPageGeneratingFilter@31f3d1ce, org.springframework.security.web.authentication.ui.DefaultLogoutPageGeneratingFilter@7243397d, org.springframework.security.web.authentication.www.BasicAuthenticationFilter@57bba4ee, org.springframework.security.web.savedrequest.RequestCacheAwareFilter@561c4e3, org.springframework.security.web.servletapi.SecurityContextHolderAwareRequestFilter@35b485aa, org.springframework.security.web.authentication.AnonymousAuthenticationFilter@78556f0f, org.springframework.security.web.access.ExceptionTranslationFilter@2d83bcd1, org.springframework.security.web.access.intercept.AuthorizationFilter@6b8eec09]
2025-05-23T21:35:42.320+02:00  INFO 6733 --- [           main] o.s.b.t.m.w.SpringBootMockServletContext : Initializing Spring TestDispatcherServlet ''
2025-05-23T21:35:42.320+02:00  INFO 6733 --- [           main] o.s.t.web.servlet.TestDispatcherServlet  : Initializing Servlet ''
2025-05-23T21:35:42.321+02:00  INFO 6733 --- [           main] o.s.t.web.servlet.TestDispatcherServlet  : Completed initialization in 1 ms
2025-05-23T21:35:42.327+02:00  INFO 6733 --- [           main] c.n.s.C.BidListControllerTest            : Started BidListControllerTest in 0.347 seconds (process running for 6.238)
2025-05-23T21:35:42.333+02:00  INFO 6733 --- [           main] c.n.s.controllers.BidListController      : Affichage du formulaire d'ajout d'un BidList
]]></system-out>
  </testcase>
  <testcase name="testUpdateBid_withValidationErrors_shouldReturnUpdateView" classname="com.nnk.springboot.ControllerTest.BidListControllerTest" time="0.06">
    <system-out><![CDATA[2025-05-23T21:35:42.805+02:00  INFO 6733 --- [           main] c.n.s.controllers.BidListController      : Mise à jour du BidList ID 1
2025-05-23T21:35:42.806+02:00  WARN 6733 --- [           main] c.n.s.controllers.BidListController      : Erreurs de validation lors de la mise à jour du BidList ID 1 : [Field error in object 'bidList' on field 'account': rejected value []; codes [NotBlank.bidList.account,NotBlank.account,NotBlank.java.lang.String,NotBlank]; arguments [org.springframework.context.support.DefaultMessageSourceResolvable: codes [bidList.account,account]; arguments []; default message [account]]; default message [must not be blank]]
]]></system-out>
  </testcase>
  <testcase name="testShowUpdateForm_withNonExistingId_shouldRedirectToList" classname="com.nnk.springboot.ControllerTest.BidListControllerTest" time="0.003">
    <system-out><![CDATA[2025-05-23T21:35:42.825+02:00  INFO 6733 --- [           main] c.n.s.controllers.BidListController      : Affichage du formulaire de mise à jour pour le BidList ID 1
2025-05-23T21:35:42.825+02:00  WARN 6733 --- [           main] c.n.s.controllers.BidListController      : Aucun BidList trouvé avec l'ID 1
]]></system-out>
  </testcase>
  <testcase name="testValidate_withValidBid_shouldRedirectToList" classname="com.nnk.springboot.ControllerTest.BidListControllerTest" time="0.006">
    <system-out><![CDATA[2025-05-23T21:35:42.829+02:00  INFO 6733 --- [           main] c.n.s.controllers.BidListController      : Tentative d'ajout d'un nouveau BidList
]]></system-out>
  </testcase>
  <testcase name="testDeleteBid_shouldRedirectToList" classname="com.nnk.springboot.ControllerTest.BidListControllerTest" time="0.003">
    <system-out><![CDATA[2025-05-23T21:35:42.834+02:00  INFO 6733 --- [           main] c.n.s.controllers.BidListController      : Suppression du BidList ID 1
2025-05-23T21:35:42.835+02:00  INFO 6733 --- [           main] c.n.s.controllers.BidListController      : BidList ID 1 supprimé avec succès
]]></system-out>
  </testcase>
  <testcase name="testShowUpdateForm_withExistingId_shouldReturnUpdateView" classname="com.nnk.springboot.ControllerTest.BidListControllerTest" time="0.004">
    <system-out><![CDATA[2025-05-23T21:35:42.837+02:00  INFO 6733 --- [           main] c.n.s.controllers.BidListController      : Affichage du formulaire de mise à jour pour le BidList ID 1
]]></system-out>
  </testcase>
  <testcase name="testHome_shouldReturnBidListViewWithModel" classname="com.nnk.springboot.ControllerTest.BidListControllerTest" time="0.012">
    <system-out><![CDATA[2025-05-23T21:35:42.842+02:00  INFO 6733 --- [           main] c.n.s.controllers.BidListController      : Entrée dans la méthode home - Récupération de la liste des BidList
]]></system-out>
  </testcase>
  <testcase name="testValidate_withValidationErrors_shouldReturnAddView" classname="com.nnk.springboot.ControllerTest.BidListControllerTest" time="0.005">
    <system-out><![CDATA[2025-05-23T21:35:42.855+02:00  INFO 6733 --- [           main] c.n.s.controllers.BidListController      : Tentative d'ajout d'un nouveau BidList
2025-05-23T21:35:42.855+02:00  WARN 6733 --- [           main] c.n.s.controllers.BidListController      : Erreurs de validation : [Field error in object 'bidList' on field 'account': rejected value []; codes [NotBlank.bidList.account,NotBlank.account,NotBlank.java.lang.String,NotBlank]; arguments [org.springframework.context.support.DefaultMessageSourceResolvable: codes [bidList.account,account]; arguments []; default message [account]]; default message [must not be blank]]
]]></system-out>
  </testcase>
  <testcase name="testUpdateBid_withValidBid_shouldRedirectToList" classname="com.nnk.springboot.ControllerTest.BidListControllerTest" time="0.003">
    <system-out><![CDATA[2025-05-23T21:35:42.861+02:00  INFO 6733 --- [           main] c.n.s.controllers.BidListController      : Mise à jour du BidList ID 1
2025-05-23T21:35:42.861+02:00  INFO 6733 --- [           main] c.n.s.controllers.BidListController      : BidList ID 1 mis à jour avec succès
]]></system-out>
  </testcase>
</testsuite>